#
# There is insufficient memory for the Java Runtime Environment to continue.
# Native memory allocation (mmap) failed to map 257949696 bytes. Error detail: G1 virtual space
# Possible reasons:
#   The system is out of physical RAM or swap space
#   This process is running with CompressedOops enabled, and the Java Heap may be blocking the growth of the native heap
# Possible solutions:
#   Reduce memory load on the system
#   Increase physical memory or swap space
#   Check if swap backing store is full
#   Decrease Java heap size (-Xmx/-Xms)
#   Decrease number of Java threads
#   Decrease Java thread stack sizes (-Xss)
#   Set larger code cache with -XX:ReservedCodeCacheSize=
#   JVM is running with Zero Based Compressed Oops mode in which the Java heap is
#     placed in the first 32GB address space. The Java Heap base address is the
#     maximum limit for the native heap growth. Please use -XX:HeapBaseMinAddress
#     to set the Java Heap base and to place the Java Heap above 32GB virtual address.
# This output file may be truncated or incomplete.
#
#  Out of Memory Error (os_windows.cpp:3618), pid=21488, tid=28996
#
# JRE version:  (17.0.17+10) (build )
# Java VM: OpenJDK 64-Bit Server VM (17.0.17+10, mixed mode, sharing, tiered, compressed oops, compressed class ptrs, g1 gc, windows-amd64)
# No core dump will be written. Minidumps are not enabled by default on client versions of Windows
#

---------------  S U M M A R Y ------------

Command Line: -Dfile.encoding=UTF-8 -Dmaven.multiModuleProjectDirectory=C:\Users\npott\Documents\musicsort -Dmaven.home=C:\Users\npott\AppData\Local\Temp\metals1557121583642493606 org.apache.maven.wrapper.MavenWrapperMain generate-sources ch.epfl.scala:bloop-maven-plugin:2.0.3:bloopInstall -DdownloadSources=true

Host: AMD Ryzen 7 250 w/ Radeon 780M Graphics        , 16 cores, 15G,  Windows 11 , 64 bit Build 26100 (10.0.26100.7623)
Time: Mon Feb  9 13:40:16 2026 Mountain Standard Time elapsed time: 1.144162 seconds (0d 0h 0m 1s)

---------------  T H R E A D  ---------------

Current thread (0x000001d806c76cb0):  JavaThread "Unknown thread" [_thread_in_vm, id=28996, stack(0x0000005ef2700000,0x0000005ef2800000)]

Stack: [0x0000005ef2700000,0x0000005ef2800000]
Native frames: (J=compiled Java code, j=interpreted, Vv=VM code, C=native code)
V  [jvm.dll+0x683fb9]
V  [jvm.dll+0x83a1b5]
V  [jvm.dll+0x83bc2e]
V  [jvm.dll+0x83c2b3]
V  [jvm.dll+0x248eff]
V  [jvm.dll+0x680d79]
V  [jvm.dll+0x675b7a]
V  [jvm.dll+0x3091a7]
V  [jvm.dll+0x310776]
V  [jvm.dll+0x360bbe]
V  [jvm.dll+0x360dfd]
V  [jvm.dll+0x2e022c]
V  [jvm.dll+0x2e1138]
V  [jvm.dll+0x80c6cb]
V  [jvm.dll+0x36e841]
V  [jvm.dll+0x7eb2a5]
V  [jvm.dll+0x3f444b]
V  [jvm.dll+0x3f5f31]
C  [jli.dll+0x52d0]
C  [ucrtbase.dll+0x37b0]
C  [KERNEL32.DLL+0x2e8d7]
C  [ntdll.dll+0x8c53c]


---------------  P R O C E S S  ---------------

Threads class SMR info:
_java_thread_list=0x00007fff39e27f58, length=0, elements={
}

Java Threads: ( => current thread )

Other Threads:
  0x000001d806ce3c30 GCTaskThread "GC Thread#0" [stack: 0x0000005ef2800000,0x0000005ef2900000] [id=5928]
  0x000001d806cf4f90 ConcurrentGCThread "G1 Main Marker" [stack: 0x0000005ef2900000,0x0000005ef2a00000] [id=57924]
  0x000001d806cf6580 ConcurrentGCThread "G1 Conc#0" [stack: 0x0000005ef2a00000,0x0000005ef2b00000] [id=74024]

[error occurred during error reporting (printing all threads), id 0xc0000005, EXCEPTION_ACCESS_VIOLATION (0xc0000005) at pc=0x00007fff395e0d57]

VM state: not at safepoint (not fully initialized)

VM Mutex/Monitor currently owned by a thread:  ([mutex/lock_event])
[0x000001d806c718e0] Heap_lock - owner thread: 0x000001d806c76cb0

Heap address: 0x000000070b000000, size: 3920 MB, Compressed Oops mode: Zero based, Oop shift amount: 3

CDS archive(s) mapped at: [0x0000000000000000-0x0000000000000000-0x0000000000000000), size 0, SharedBaseAddress: 0x0000000800000000, ArchiveRelocationMode: 1.
Narrow klass base: 0x0000000000000000, Narrow klass shift: 0, Narrow klass range: 0x0

GC Precious Log:
<Empty>

Heap:
 garbage-first heap   total 0K, used 0K [0x000000070b000000, 0x0000000800000000)
  region size 2048K, 0 young (0K), 0 survivors (0K)

[error occurred during error reporting (printing heap information), id 0xc0000005, EXCEPTION_ACCESS_VIOLATION (0xc0000005) at pc=0x00007fff399cd5c9]

GC Heap History (0 events):
No events

Dll operation events (1 events):
Event: 0.006 Loaded shared library C:\Users\npott\AppData\Local\Coursier\cache\arc\https\github.com\adoptium\temurin17-binaries\releases\download\jdk-17.0.17%252B10\OpenJDK17U-jdk_x64_windows_hotspot_17.0.17_10.zip\jdk-17.0.17+10\bin\java.dll

Deoptimization events (0 events):
No events

Classes loaded (0 events):
No events

Classes unloaded (0 events):
No events

Classes redefined (0 events):
No events

Internal exceptions (0 events):
No events

VM Operations (0 events):
No events

Memory protections (0 events):
No events

Nmethod flushes (0 events):
No events

Events (0 events):
No events


Dynamic libraries:
0x00007ff7734a0000 - 0x00007ff7734ae000 	C:\Users\npott\AppData\Local\Coursier\cache\arc\https\github.com\adoptium\temurin17-binaries\releases\download\jdk-17.0.17%252B10\OpenJDK17U-jdk_x64_windows_hotspot_17.0.17_10.zip\jdk-17.0.17+10\bin\java.exe
0x00007fff8bc80000 - 0x00007fff8bee7000 	C:\Windows\SYSTEM32\ntdll.dll
0x00007fff8a490000 - 0x00007fff8a559000 	C:\Windows\System32\KERNEL32.DLL
0x00007fff89140000 - 0x00007fff8952f000 	C:\Windows\System32\KERNELBASE.dll
0x00007fff88fc0000 - 0x00007fff8910b000 	C:\Windows\System32\ucrtbase.dll
0x00007fff7bc80000 - 0x00007fff7bc98000 	C:\Users\npott\AppData\Local\Coursier\cache\arc\https\github.com\adoptium\temurin17-binaries\releases\download\jdk-17.0.17%252B10\OpenJDK17U-jdk_x64_windows_hotspot_17.0.17_10.zip\jdk-17.0.17+10\bin\jli.dll
0x00007fff8a070000 - 0x00007fff8a235000 	C:\Windows\System32\USER32.dll
0x00007fff7bca0000 - 0x00007fff7bcbe000 	C:\Users\npott\AppData\Local\Coursier\cache\arc\https\github.com\adoptium\temurin17-binaries\releases\download\jdk-17.0.17%252B10\OpenJDK17U-jdk_x64_windows_hotspot_17.0.17_10.zip\jdk-17.0.17+10\bin\VCRUNTIME140.dll
0x00007fff89110000 - 0x00007fff89137000 	C:\Windows\System32\win32u.dll
0x00007fff8bbf0000 - 0x00007fff8bc1b000 	C:\Windows\System32\GDI32.dll
0x00007fff898f0000 - 0x00007fff89a1c000 	C:\Windows\System32\gdi32full.dll
0x00007fff88e80000 - 0x00007fff88f23000 	C:\Windows\System32\msvcp_win.dll
0x00007fff6f8c0000 - 0x00007fff6fb53000 	C:\Windows\WinSxS\amd64_microsoft.windows.common-controls_6595b64144ccf1df_6.0.26100.7309_none_3e05feeae336a044\COMCTL32.dll
0x00007fff8a880000 - 0x00007fff8a929000 	C:\Windows\System32\msvcrt.dll
0x00007fff8aaf0000 - 0x00007fff8ab21000 	C:\Windows\System32\IMM32.DLL
0x00007fff7bc70000 - 0x00007fff7bc7c000 	C:\Users\npott\AppData\Local\Coursier\cache\arc\https\github.com\adoptium\temurin17-binaries\releases\download\jdk-17.0.17%252B10\OpenJDK17U-jdk_x64_windows_hotspot_17.0.17_10.zip\jdk-17.0.17+10\bin\vcruntime140_1.dll
0x00007fff7bbe0000 - 0x00007fff7bc6d000 	C:\Users\npott\AppData\Local\Coursier\cache\arc\https\github.com\adoptium\temurin17-binaries\releases\download\jdk-17.0.17%252B10\OpenJDK17U-jdk_x64_windows_hotspot_17.0.17_10.zip\jdk-17.0.17+10\bin\msvcp140.dll
0x00007fff392f0000 - 0x00007fff39f5b000 	C:\Users\npott\AppData\Local\Coursier\cache\arc\https\github.com\adoptium\temurin17-binaries\releases\download\jdk-17.0.17%252B10\OpenJDK17U-jdk_x64_windows_hotspot_17.0.17_10.zip\jdk-17.0.17+10\bin\server\jvm.dll
0x00007fff89a20000 - 0x00007fff89ad4000 	C:\Windows\System32\ADVAPI32.dll
0x00007fff8a7d0000 - 0x00007fff8a876000 	C:\Windows\System32\sechost.dll
0x00007fff8ab40000 - 0x00007fff8ac58000 	C:\Windows\System32\RPCRT4.dll
0x00007fff8a250000 - 0x00007fff8a2c4000 	C:\Windows\System32\WS2_32.dll
0x00007fff7b440000 - 0x00007fff7b475000 	C:\Windows\SYSTEM32\WINMM.dll
0x00007fff816c0000 - 0x00007fff816cb000 	C:\Windows\SYSTEM32\VERSION.dll
0x00007fff88c30000 - 0x00007fff88c8e000 	C:\Windows\SYSTEM32\POWRPROF.dll
0x00007fff88c10000 - 0x00007fff88c24000 	C:\Windows\SYSTEM32\UMPDC.dll
0x00007fff87b80000 - 0x00007fff87b9b000 	C:\Windows\SYSTEM32\kernel.appcore.dll
0x00007fff7bbd0000 - 0x00007fff7bbda000 	C:\Users\npott\AppData\Local\Coursier\cache\arc\https\github.com\adoptium\temurin17-binaries\releases\download\jdk-17.0.17%252B10\OpenJDK17U-jdk_x64_windows_hotspot_17.0.17_10.zip\jdk-17.0.17+10\bin\jimage.dll
0x00007fff863e0000 - 0x00007fff86622000 	C:\Windows\SYSTEM32\DBGHELP.DLL
0x00007fff8ae40000 - 0x00007fff8b1c6000 	C:\Windows\System32\combase.dll
0x00007fff8a3b0000 - 0x00007fff8a486000 	C:\Windows\System32\OLEAUT32.dll
0x00007fff6f290000 - 0x00007fff6f2cc000 	C:\Windows\SYSTEM32\dbgcore.DLL
0x00007fff88dd0000 - 0x00007fff88e75000 	C:\Windows\System32\bcryptPrimitives.dll
0x00007fff7bba0000 - 0x00007fff7bbc5000 	C:\Users\npott\AppData\Local\Coursier\cache\arc\https\github.com\adoptium\temurin17-binaries\releases\download\jdk-17.0.17%252B10\OpenJDK17U-jdk_x64_windows_hotspot_17.0.17_10.zip\jdk-17.0.17+10\bin\java.dll

dbghelp: loaded successfully - version: 4.0.5 - missing functions: none
symbol engine: initialized successfully - sym options: 0x614 - pdb path: .;C:\Users\npott\AppData\Local\Coursier\cache\arc\https\github.com\adoptium\temurin17-binaries\releases\download\jdk-17.0.17%252B10\OpenJDK17U-jdk_x64_windows_hotspot_17.0.17_10.zip\jdk-17.0.17+10\bin;C:\Windows\SYSTEM32;C:\Windows\WinSxS\amd64_microsoft.windows.common-controls_6595b64144ccf1df_6.0.26100.7309_none_3e05feeae336a044;C:\Users\npott\AppData\Local\Coursier\cache\arc\https\github.com\adoptium\temurin17-binaries\releases\download\jdk-17.0.17%252B10\OpenJDK17U-jdk_x64_windows_hotspot_17.0.17_10.zip\jdk-17.0.17+10\bin\server

VM Arguments:
jvm_args: -Dfile.encoding=UTF-8 -Dmaven.multiModuleProjectDirectory=C:\Users\npott\Documents\musicsort -Dmaven.home=C:\Users\npott\AppData\Local\Temp\metals1557121583642493606 
java_command: org.apache.maven.wrapper.MavenWrapperMain generate-sources ch.epfl.scala:bloop-maven-plugin:2.0.3:bloopInstall -DdownloadSources=true
java_class_path (initial): C:\Users\npott\AppData\Local\Temp\metals1557121583642493606\maven-wrapper.jar
Launcher Type: SUN_STANDARD

[Global flags]
     intx CICompilerCount                          = 12                                        {product} {ergonomic}
     uint ConcGCThreads                            = 3                                         {product} {ergonomic}
     uint G1ConcRefinementThreads                  = 13                                        {product} {ergonomic}
   size_t G1HeapRegionSize                         = 2097152                                   {product} {ergonomic}
    uintx GCDrainStackTargetSize                   = 64                                        {product} {ergonomic}
   size_t InitialHeapSize                          = 257949696                                 {product} {ergonomic}
   size_t MarkStackSize                            = 4194304                                   {product} {ergonomic}
   size_t MaxHeapSize                              = 4110417920                                {product} {ergonomic}
   size_t MinHeapDeltaBytes                        = 2097152                                   {product} {ergonomic}
   size_t MinHeapSize                              = 8388608                                   {product} {ergonomic}
    uintx NonNMethodCodeHeapSize                   = 7602480                                {pd product} {ergonomic}
    uintx NonProfiledCodeHeapSize                  = 122027880                              {pd product} {ergonomic}
    uintx ProfiledCodeHeapSize                     = 122027880                              {pd product} {ergonomic}
    uintx ReservedCodeCacheSize                    = 251658240                              {pd product} {ergonomic}
     bool SegmentedCodeCache                       = true                                      {product} {ergonomic}
   size_t SoftMaxHeapSize                          = 4110417920                             {manageable} {ergonomic}
     bool UseCompressedClassPointers               = true                           {product lp64_product} {ergonomic}
     bool UseCompressedOops                        = true                           {product lp64_product} {ergonomic}
     bool UseG1GC                                  = true                                      {product} {ergonomic}
     bool UseLargePagesIndividualAllocation        = false                                  {pd product} {ergonomic}

Logging:
Log output configuration:
 #0: stdout all=warning uptime,level,tags
 #1: stderr all=off uptime,level,tags

Environment Variables:
JAVA_HOME=C:\Users\npott\AppData\Local\Coursier\cache\arc\https\github.com\adoptium\temurin17-binaries\releases\download\jdk-17.0.17%252B10\OpenJDK17U-jdk_x64_windows_hotspot_17.0.17_10.zip\jdk-17.0.17+10
PATH=C:\Users\npott\AppData\Local\Coursier\cache\arc\https\github.com\adoptium\temurin17-binaries\releases\download\jdk-17.0.17%252B10\OpenJDK17U-jdk_x64_windows_hotspot_17.0.17_10.zip\jdk-17.0.17+10\bin;C:\Windows\system32;C:\Windows;C:\Windows\System32\Wbem;C:\Windows\System32\WindowsPowerShell\v1.0\;C:\Windows\System32\OpenSSH\;C:\Program Files (x86)\NVIDIA Corporation\PhysX\Common;C:\Program Files\NVIDIA Corporation\NVIDIA App\NvDLISR;C:\Windows\system32\config\systemprofile\AppData\Local\Muse Hub\lib;C:\Program Files\Go\bin;C:\Users\npott\AppData\Local\Microsoft\WindowsApps;C:\Users\npott\AppData\Local\Programs\Microsoft VS Code\bin;C:\Users\npott\go\bin
USERNAME=npott
OS=Windows_NT
PROCESSOR_IDENTIFIER=AMD64 Family 25 Model 117 Stepping 2, AuthenticAMD
TMP=C:\Users\npott\AppData\Local\Temp
TEMP=C:\Users\npott\AppData\Local\Temp



Periodic native trim disabled


---------------  S Y S T E M  ---------------

OS:
 Windows 11 , 64 bit Build 26100 (10.0.26100.7623)
OS uptime: 15 days 0:02 hours
Hyper-V role detected

CPU: total 16 (initial active 16) (16 cores per cpu, 2 threads per core) family 25 model 117 stepping 2 microcode 0xa70520a, cx8, cmov, fxsr, ht, mmx, 3dnowpref, sse, sse2, sse3, ssse3, sse4a, sse4.1, sse4.2, popcnt, lzcnt, tsc, tscinvbit, avx, avx2, aes, erms, clmul, bmi1, bmi2, adx, avx512f, avx512dq, avx512cd, avx512bw, avx512vl, sha, fma, vzeroupper, avx512_vpopcntdq, avx512_vpclmulqdq, avx512_vaes, avx512_vnni, clflush, clflushopt, avx512_vbmi2, avx512_vbmi, hv
Processor Information for processor 0
  Max Mhz: 3301, Current Mhz: 2646, Mhz Limit: 3301
Processor Information for processor 1
  Max Mhz: 3301, Current Mhz: 3301, Mhz Limit: 3301
Processor Information for processor 2
  Max Mhz: 3301, Current Mhz: 2646, Mhz Limit: 3301
Processor Information for processor 3
  Max Mhz: 3301, Current Mhz: 2646, Mhz Limit: 3301
Processor Information for processor 4
  Max Mhz: 3301, Current Mhz: 2646, Mhz Limit: 3301
Processor Information for processor 5
  Max Mhz: 3301, Current Mhz: 2646, Mhz Limit: 3301
Processor Information for processor 6
  Max Mhz: 3301, Current Mhz: 2646, Mhz Limit: 3301
Processor Information for processor 7
  Max Mhz: 3301, Current Mhz: 3301, Mhz Limit: 3301
Processor Information for processor 8
  Max Mhz: 3301, Current Mhz: 2646, Mhz Limit: 3301
Processor Information for processor 9
  Max Mhz: 3301, Current Mhz: 2646, Mhz Limit: 3301
Processor Information for processor 10
  Max Mhz: 3301, Current Mhz: 3301, Mhz Limit: 3301
Processor Information for processor 11
  Max Mhz: 3301, Current Mhz: 2646, Mhz Limit: 3301
Processor Information for processor 12
  Max Mhz: 3301, Current Mhz: 3301, Mhz Limit: 3301
Processor Information for processor 13
  Max Mhz: 3301, Current Mhz: 2646, Mhz Limit: 3301
Processor Information for processor 14
  Max Mhz: 3301, Current Mhz: 2646, Mhz Limit: 3301
Processor Information for processor 15
  Max Mhz: 3301, Current Mhz: 2646, Mhz Limit: 3301

Memory: 4k page, system-wide physical 15674M (740M free)
TotalPageFile size 62778M (AvailPageFile size 145M)
current process WorkingSet (physical memory assigned to process): 13M, peak: 13M
current process commit charge ("private bytes"): 71M, peak: 316M

vm_info: OpenJDK 64-Bit Server VM (17.0.17+10) for windows-amd64 JRE (17.0.17+10), built on Oct 21 2025 23:25:32 by "admin" with unknown MS VC++:1942

END.
